<?xml version="1.0" encoding="UTF-8"?>
<!-- Generated by org.testng.reporters.JUnitReportReporter -->
<testsuite hostname="Vishals-MacBook-Air.local" failures="0" tests="2" name="Com.OnlySky.testCases.TC_StoreFront_002" time="132.750" errors="0" timestamp="2024-01-10T13:55:22 IST" skipped="0">
  <testcase classname="Com.OnlySky.testCases.TC_StoreFront_002" name="loginTest" time="11.221"/>
  <system-out/>
  <testcase classname="Com.OnlySky.testCases.TC_StoreFront_002" name="bookPrivateSki" time="121.529"/>
  <system-out/>
</testsuite> <!-- Com.OnlySky.testCases.TC_StoreFront_002 -->
