<?xml version="1.0" encoding="UTF-8"?>
<!-- Generated by org.testng.reporters.JUnitReportReporter -->
<testsuite hostname="Vishals-MacBook-Air.local" failures="0" tests="2" name="Com.OnlySky.testCases.TC_POS_55" time="36.338" errors="0" timestamp="2024-01-04T13:19:10 IST" skipped="0">
  <testcase classname="Com.OnlySky.testCases.TC_POS_55" name="BookInstructor" time="24.195"/>
  <system-out/>
  <testcase classname="Com.OnlySky.testCases.TC_POS_55" name="loginTest" time="12.143"/>
  <system-out/>
</testsuite> <!-- Com.OnlySky.testCases.TC_POS_55 -->
