<?xml version="1.0" encoding="UTF-8"?>
<!-- Generated by org.testng.reporters.JUnitReportReporter -->
<testsuite hostname="Vishals-MacBook-Air.local" failures="0" tests="2" name="Com.OnlySky.testCases.TC_book_4" time="315.129" errors="0" timestamp="2024-01-10T13:55:22 IST" skipped="0">
  <testcase classname="Com.OnlySky.testCases.TC_book_4" name="loginTest" time="20.460"/>
  <system-out/>
  <testcase classname="Com.OnlySky.testCases.TC_book_4" name="book" time="294.669"/>
  <system-out/>
</testsuite> <!-- Com.OnlySky.testCases.TC_book_4 -->
