<?xml version="1.0" encoding="UTF-8"?>
<!-- Generated by org.testng.reporters.JUnitReportReporter -->
<testsuite hostname="Vishals-MacBook-Air.local" failures="0" tests="2" name="Com.OnlySky.testCases.TC_test_00909" time="33.877" errors="0" timestamp="2024-01-03T22:14:06 IST" skipped="0">
  <testcase classname="Com.OnlySky.testCases.TC_test_00909" name="loginTest" time="12.132"/>
  <system-out/>
  <testcase classname="Com.OnlySky.testCases.TC_test_00909" name="BBI" time="21.745"/>
  <system-out/>
</testsuite> <!-- Com.OnlySky.testCases.TC_test_00909 -->
