<?xml version="1.0" encoding="UTF-8"?>
<!-- Generated by org.testng.reporters.JUnitReportReporter -->
<testsuite hostname="Vishals-MacBook-Air.local" failures="0" tests="1" name="Com.OnlySky.testCases.TC_LoginTest_001" time="11.671" errors="0" timestamp="2024-01-04T16:20:19 IST" skipped="0">
  <testcase classname="Com.OnlySky.testCases.TC_LoginTest_001" name="loginTest" time="11.671"/>
  <system-out/>
</testsuite> <!-- Com.OnlySky.testCases.TC_LoginTest_001 -->
