<?xml version="1.0" encoding="UTF-8"?>
<!-- Generated by org.testng.reporters.JUnitReportReporter -->
<testsuite hostname="Vishals-MacBook-Air.local" failures="0" tests="2" name="Com.OnlySky.testCases.TC_POS_003" time="220.762" errors="0" timestamp="2024-01-04T16:20:19 IST" skipped="0">
  <testcase classname="Com.OnlySky.testCases.TC_POS_003" name="loginTest" time="12.210"/>
  <system-out/>
  <testcase classname="Com.OnlySky.testCases.TC_POS_003" name="pos" time="208.552"/>
  <system-out/>
</testsuite> <!-- Com.OnlySky.testCases.TC_POS_003 -->
