<?xml version="1.0" encoding="UTF-8"?>
<!-- Generated by org.testng.reporters.JUnitReportReporter -->
<testsuite hostname="Vishals-MacBook-Air.local" failures="0" tests="2" name="Com.OnlySky.testCases.TC_book_4" time="231.829" errors="0" timestamp="2024-01-04T16:51:18 IST" skipped="0">
  <testcase classname="Com.OnlySky.testCases.TC_book_4" name="loginTest" time="12.599"/>
  <system-out/>
  <testcase classname="Com.OnlySky.testCases.TC_book_4" name="book" time="219.230"/>
  <system-out/>
</testsuite> <!-- Com.OnlySky.testCases.TC_book_4 -->
