<?xml version="1.0" encoding="UTF-8"?>
<!-- Generated by org.testng.reporters.JUnitReportReporter -->
<testsuite hostname="Vishals-MacBook-Air.local" failures="0" tests="1" name="Com.OnlySky.testCases.TC_LoginTest_001$LoginTest" time="8.103" errors="0" timestamp="2024-01-02T19:52:30 IST" skipped="0">
  <testcase classname="Com.OnlySky.testCases.TC_LoginTest_001$LoginTest" name="loginTest" time="8.103"/>
  <system-out/>
</testsuite> <!-- Com.OnlySky.testCases.TC_LoginTest_001$LoginTest -->
